<?xml version="1.0" encoding="UTF-8"?>
<!-- Generated by org.testng.reporters.JUnitReportReporter -->
<testsuite skipped="0" hostname="Lenovo" name="com.TestNG_10Am_Batch.Grouping_Test" tests="4" failures="0" timestamp="2021-04-09T11:35:29 IST" time="0.203" errors="0">
  <testcase name="fb" time="0.107" classname="com.TestNG_10Am_Batch.Grouping_Test"/>
  <testcase name="mobileSearch" time="0.018" classname="com.TestNG_10Am_Batch.Grouping_Test"/>
  <testcase name="laptopSearch" time="0.064" classname="com.TestNG_10Am_Batch.Grouping_Test"/>
  <testcase name="whatsapp" time="0.014" classname="com.TestNG_10Am_Batch.Grouping_Test"/>
</testsuite> <!-- com.TestNG_10Am_Batch.Grouping_Test -->
