<?xml version="1.0" encoding="UTF-8"?>
<!-- Generated by org.testng.reporters.JUnitReportReporter -->
<testsuite skipped="0" hostname="Lenovo" name="com.TestNG_10Am_Batch.Simple_Annotations" tests="3" failures="0" timestamp="2021-04-07T11:20:03 IST" time="0.151" errors="0">
  <testcase name="mobileSearch" time="0.010" classname="com.TestNG_10Am_Batch.Simple_Annotations"/>
  <testcase name="laptopSearch" time="0.042" classname="com.TestNG_10Am_Batch.Simple_Annotations"/>
  <testcase name="earphonesSearch" time="0.099" classname="com.TestNG_10Am_Batch.Simple_Annotations"/>
</testsuite> <!-- com.TestNG_10Am_Batch.Simple_Annotations -->
