<?xml version="1.0" encoding="UTF-8"?>
<!-- Generated by org.testng.reporters.JUnitReportReporter -->
<testsuite skipped="0" hostname="Lenovo" name="com.TestNG_10Am_Batch.Parameterized_Test" tests="1" failures="0" timestamp="2021-04-10T10:51:14 IST" time="0.071" errors="0">
  <testcase name="credentials" time="0.071" classname="com.TestNG_10Am_Batch.Parameterized_Test"/>
</testsuite> <!-- com.TestNG_10Am_Batch.Parameterized_Test -->
