<?xml version="1.0" encoding="UTF-8"?>
<!-- Generated by org.testng.reporters.JUnitReportReporter -->
<testsuite skipped="0" hostname="Lenovo" name="com.TestNG_10Am_Batch.Timeout_Test" tests="1" failures="0" timestamp="2021-04-09T11:25:42 IST" time="1.233" errors="0">
  <testcase name="navigateToPage" time="1.233" classname="com.TestNG_10Am_Batch.Timeout_Test"/>
</testsuite> <!-- com.TestNG_10Am_Batch.Timeout_Test -->
