<?xml version="1.0" encoding="UTF-8"?>
<!-- Generated by org.testng.reporters.JUnitReportReporter -->
<testsuite skipped="0" hostname="Lenovo" name="com.TestNG_10Am_Batch.Expected_Exception" tests="1" failures="0" timestamp="2021-04-09T11:13:32 IST" time="0.064" errors="0">
  <testcase name="zeroError" time="0.064" classname="com.TestNG_10Am_Batch.Expected_Exception"/>
</testsuite> <!-- com.TestNG_10Am_Batch.Expected_Exception -->
