<?xml version="1.0" encoding="UTF-8"?>
<!-- Generated by org.testng.reporters.JUnitReportReporter -->
<testsuite skipped="0" hostname="Lenovo" name="com.TestNG_10Am_Batch.Dependency_Test" tests="3" failures="0" timestamp="2021-04-08T11:41:39 IST" time="0.078" errors="0">
  <testcase name="XYZ" time="0.042" classname="com.TestNG_10Am_Batch.Dependency_Test"/>
  <testcase name="laptop" time="0.018" classname="com.TestNG_10Am_Batch.Dependency_Test"/>
  <testcase name="offer" time="0.018" classname="com.TestNG_10Am_Batch.Dependency_Test"/>
</testsuite> <!-- com.TestNG_10Am_Batch.Dependency_Test -->
