<?xml version="1.0" encoding="UTF-8"?>
<!-- Generated by org.testng.reporters.JUnitReportReporter -->
<testsuite skipped="0" hostname="Lenovo" name="com.TestNG_10Am_Batch.Invocation_Count" tests="5" failures="0" timestamp="2021-04-08T11:28:03 IST" time="0.146" errors="0">
  <testcase name="refresh" time="0.026" classname="com.TestNG_10Am_Batch.Invocation_Count"/>
  <testcase name="refresh" time="0.020" classname="com.TestNG_10Am_Batch.Invocation_Count"/>
  <testcase name="browserLaunch" time="0.060" classname="com.TestNG_10Am_Batch.Invocation_Count"/>
  <testcase name="refresh" time="0.010" classname="com.TestNG_10Am_Batch.Invocation_Count"/>
  <testcase name="url" time="0.030" classname="com.TestNG_10Am_Batch.Invocation_Count"/>
</testsuite> <!-- com.TestNG_10Am_Batch.Invocation_Count -->
