<?xml version="1.0" encoding="UTF-8"?>
<!-- Generated by org.testng.reporters.JUnitReportReporter -->
<testsuite skipped="0" hostname="Lenovo" name="com.TestNG_10Am_Batch.Data_Provider_Test" tests="3" failures="0" timestamp="2021-04-10T11:15:34 IST" time="0.161" errors="0">
  <testcase name="credentials" time="0.042" classname="com.TestNG_10Am_Batch.Data_Provider_Test"/>
  <testcase name="credentials" time="0.108" classname="com.TestNG_10Am_Batch.Data_Provider_Test"/>
  <testcase name="credentials" time="0.011" classname="com.TestNG_10Am_Batch.Data_Provider_Test"/>
</testsuite> <!-- com.TestNG_10Am_Batch.Data_Provider_Test -->
