<?xml version="1.0" encoding="UTF-8"?>
<!-- Generated by org.testng.reporters.JUnitReportReporter -->
<testsuite skipped="0" hostname="Lenovo" name="com.TestNG_10Am_Batch.Priority_Test" tests="4" failures="0" timestamp="2021-04-08T11:22:07 IST" time="0.236" errors="0">
  <testcase name="laptopSearch" time="0.059" classname="com.TestNG_10Am_Batch.Priority_Test"/>
  <testcase name="earphonesSearch" time="0.042" classname="com.TestNG_10Am_Batch.Priority_Test"/>
  <testcase name="mobileSearch" time="0.003" classname="com.TestNG_10Am_Batch.Priority_Test"/>
  <testcase name="bookSearch" time="0.132" classname="com.TestNG_10Am_Batch.Priority_Test"/>
</testsuite> <!-- com.TestNG_10Am_Batch.Priority_Test -->
