<?xml version="1.0" encoding="UTF-8"?>
<!-- Generated by org.testng.reporters.JUnitReportReporter -->
<testsuite skipped="2" hostname="Lenovo" name="com.TestNG_10Am_Batch.Ignore_Concept" tests="3" failures="0" timestamp="2021-04-07T11:42:37 IST" time="0.070" errors="0">
  <testcase name="laptopSearch" time="0.070" classname="com.TestNG_10Am_Batch.Ignore_Concept"/>
  <testcase name="earphonesSearch" classname="com.TestNG_10Am_Batch.Ignore_Concept">
    <skipped/>
  </testcase> <!-- earphonesSearch -->
  <testcase name="bookSearch" classname="com.TestNG_10Am_Batch.Ignore_Concept">
    <skipped/>
  </testcase> <!-- bookSearch -->
</testsuite> <!-- com.TestNG_10Am_Batch.Ignore_Concept -->
